<?xml version="1.0" encoding="UTF-8" standalone="no"?>
<testsuite errors="0" failures="4" name="io.cucumber.core.plugin.JUnitFormatter" skipped="0" tests="16" time="222.886">
<testcase classname="Registration | users could register with new accounts" name="guest user could register with valid data successfully" time="15.722">
<system-out><![CDATA[Given user go to register page..............................................passed
When user select gender type................................................passed
And ser enter first name "automation" and last name "tester"................passed
And user enter date of birth................................................passed
And user enter email field..................................................passed
And user fills Password fields "P@ssw0rd" "P@ssw0rd"........................passed
And user clicks on register button..........................................passed
Then success message is displayed...........................................passed
]]></system-out>
</testcase>
<testcase classname="F02_Login | users could use login functionality to use their accounts" name="user could login with valid email and password" time="9.037">
<system-out><![CDATA[Given user go to login page.................................................passed
When user login with "valid" "paz.kuphal@example.com" and "P@ssw0rd"........passed
And user press on login button..............................................passed
Then user login to the system successfully..................................passed
]]></system-out>
</testcase>
<testcase classname="F02_Login | users could use login functionality to use their accounts" name="user could login with invalid email and password" time="8.922">
<system-out><![CDATA[Given user go to login page.................................................passed
When user login unsuccessfully with "invalid" "wrong@example.com" and "P@ssw0rd".passed
And user press on login button..............................................passed
Then user could not login to the system.....................................passed
]]></system-out>
</testcase>
<testcase classname="F03_Currencies | user can change Currencies" name="guest user could change Currencies successfully" time="8.288">
<system-out><![CDATA[Given Select Euro currency from the dropdown list on the top left of home page.passed
Then Find all Elements with Euro currency...................................passed
]]></system-out>
</testcase>
<testcase classname="F04_Search | users could use search functionality to get product successfully" name="user could search using product name" time="9.704">
<system-out><![CDATA[Given user enter search "book" and get search result........................passed
When user get search result on valid page...................................passed
Then user find each result contains the search word by keyword "book".......passed
]]></system-out>
</testcase>
<testcase classname="F04_Search | users could use search functionality to get product successfully" name="user could search using product name 2" time="9.045">
<system-out><![CDATA[Given user enter search "laptop" and get search result......................passed
When user get search result on valid page...................................passed
Then user find each result contains the search word by keyword "laptop".....passed
]]></system-out>
</testcase>
<testcase classname="F04_Search | users could use search functionality to get product successfully" name="user could search using product name 3" time="8.971">
<system-out><![CDATA[Given user enter search "nike" and get search result........................passed
When user get search result on valid page...................................passed
Then user find each result contains the search word by keyword "nike".......passed
]]></system-out>
</testcase>
<testcase classname="F04_Search | users could use search functionality to get product successfully" name="user could search using product name using sku" time="19.038">
<failure message="no such element: Unable to locate element: {&quot;method&quot;:&quot;css selector&quot;,&quot;selector&quot;:&quot;.sku&quot;}&#10;  (Session info: chrome=105.0.5195.102)&#10;For documentation on this error, please visit: https://selenium.dev/exceptions/#no_such_element&#10;Build info: version: '4.3.0', revision: 'a4995e2c09*'&#10;System info: host: 'MOMEN-SOHRA', ip: '10.10.60.28', os.name: 'Windows 10', os.arch: 'amd64', os.version: '10.0', java.version: '1.8.0_342'&#10;Driver info: org.openqa.selenium.chrome.ChromeDriver&#10;Command: [dc87a34fa4f80901ce094c60757c0824, findElement {using=class name, value=sku}]&#10;Capabilities {acceptInsecureCerts: false, browserName: chrome, browserVersion: 105.0.5195.102, chrome: {chromedriverVersion: 105.0.5195.52 (412c95e51883..., userDataDir: C:\Users\msohra\AppData\Loc...}, goog:chromeOptions: {debuggerAddress: localhost:64399}, networkConnectionEnabled: false, pageLoadStrategy: normal, platformName: WINDOWS, proxy: Proxy(), se:cdp: ws://localhost:64399/devtoo..., se:cdpVersion: 105.0.5195.102, setWindowRect: true, strictFileInteractability: false, timeouts: {implicit: 0, pageLoad: 300000, script: 30000}, unhandledPromptBehavior: dismiss and notify, webauthn:extension:credBlob: true, webauthn:extension:largeBlob: true, webauthn:virtualAuthenticators: true}&#10;Session ID: dc87a34fa4f80901ce094c60757c0824" type="org.openqa.selenium.NoSuchElementException"><![CDATA[Given user enter search "SCI_FAITH" and get search result...................passed
When user click on the product in search result.............................passed
Then user find each result contains the search word by sku "SCI_FAITH"......failed

StackTrace:
org.openqa.selenium.NoSuchElementException: no such element: Unable to locate element: {"method":"css selector","selector":".sku"}
  (Session info: chrome=105.0.5195.102)
For documentation on this error, please visit: https://selenium.dev/exceptions/#no_such_element
Build info: version: '4.3.0', revision: 'a4995e2c09*'
System info: host: 'MOMEN-SOHRA', ip: '10.10.60.28', os.name: 'Windows 10', os.arch: 'amd64', os.version: '10.0', java.version: '1.8.0_342'
Driver info: org.openqa.selenium.chrome.ChromeDriver
Command: [dc87a34fa4f80901ce094c60757c0824, findElement {using=class name, value=sku}]
Capabilities {acceptInsecureCerts: false, browserName: chrome, browserVersion: 105.0.5195.102, chrome: {chromedriverVersion: 105.0.5195.52 (412c95e51883..., userDataDir: C:\Users\msohra\AppData\Loc...}, goog:chromeOptions: {debuggerAddress: localhost:64399}, networkConnectionEnabled: false, pageLoadStrategy: normal, platformName: WINDOWS, proxy: Proxy(), se:cdp: ws://localhost:64399/devtoo..., se:cdpVersion: 105.0.5195.102, setWindowRect: true, strictFileInteractability: false, timeouts: {implicit: 0, pageLoad: 300000, script: 30000}, unhandledPromptBehavior: dismiss and notify, webauthn:extension:credBlob: true, webauthn:extension:largeBlob: true, webauthn:virtualAuthenticators: true}
Session ID: dc87a34fa4f80901ce094c60757c0824
	at sun.reflect.NativeConstructorAccessorImpl.newInstance0(Native Method)
	at sun.reflect.NativeConstructorAccessorImpl.newInstance(NativeConstructorAccessorImpl.java:62)
	at sun.reflect.DelegatingConstructorAccessorImpl.newInstance(DelegatingConstructorAccessorImpl.java:45)
	at java.lang.reflect.Constructor.newInstance(Constructor.java:423)
	at org.openqa.selenium.remote.codec.w3c.W3CHttpResponseCodec.createException(W3CHttpResponseCodec.java:200)
	at org.openqa.selenium.remote.codec.w3c.W3CHttpResponseCodec.decode(W3CHttpResponseCodec.java:133)
	at org.openqa.selenium.remote.codec.w3c.W3CHttpResponseCodec.decode(W3CHttpResponseCodec.java:53)
	at org.openqa.selenium.remote.HttpCommandExecutor.execute(HttpCommandExecutor.java:184)
	at org.openqa.selenium.remote.service.DriverCommandExecutor.invokeExecute(DriverCommandExecutor.java:167)
	at org.openqa.selenium.remote.service.DriverCommandExecutor.execute(DriverCommandExecutor.java:142)
	at org.openqa.selenium.remote.RemoteWebDriver.execute(RemoteWebDriver.java:569)
	at org.openqa.selenium.remote.ElementLocation$ElementFinder$2.findElement(ElementLocation.java:162)
	at org.openqa.selenium.remote.ElementLocation.findElement(ElementLocation.java:60)
	at org.openqa.selenium.remote.RemoteWebDriver.findElement(RemoteWebDriver.java:387)
	at org.openqa.selenium.remote.RemoteWebDriver.findElement(RemoteWebDriver.java:379)
	at org.example.pages.P03_homePage.assertSerialProduct(P03_homePage.java:44)
	at org.example.stepDefs.D04_searchStepDef.userFindEachResultContainsTheSearchWordBySku(D04_searchStepDef.java:50)
	at ✽.user find each result contains the search word by sku "SCI_FAITH"(file:///C:/Users/msohra/Desktop/hello/Ecommerce/src/main/resources/Features/F04_Search.feature:17)
]]></failure>
</testcase>
<testcase classname="F04_Search | users could use search functionality to get product successfully" name="user could search using product name using sku 2" time="19.599">
<failure message="no such element: Unable to locate element: {&quot;method&quot;:&quot;css selector&quot;,&quot;selector&quot;:&quot;.sku&quot;}&#10;  (Session info: chrome=105.0.5195.102)&#10;For documentation on this error, please visit: https://selenium.dev/exceptions/#no_such_element&#10;Build info: version: '4.3.0', revision: 'a4995e2c09*'&#10;System info: host: 'MOMEN-SOHRA', ip: '10.10.60.28', os.name: 'Windows 10', os.arch: 'amd64', os.version: '10.0', java.version: '1.8.0_342'&#10;Driver info: org.openqa.selenium.chrome.ChromeDriver&#10;Command: [d32cb192c3c759f5d3d93b721ecbda6d, findElement {using=class name, value=sku}]&#10;Capabilities {acceptInsecureCerts: false, browserName: chrome, browserVersion: 105.0.5195.102, chrome: {chromedriverVersion: 105.0.5195.52 (412c95e51883..., userDataDir: C:\Users\msohra\AppData\Loc...}, goog:chromeOptions: {debuggerAddress: localhost:64420}, networkConnectionEnabled: false, pageLoadStrategy: normal, platformName: WINDOWS, proxy: Proxy(), se:cdp: ws://localhost:64420/devtoo..., se:cdpVersion: 105.0.5195.102, setWindowRect: true, strictFileInteractability: false, timeouts: {implicit: 0, pageLoad: 300000, script: 30000}, unhandledPromptBehavior: dismiss and notify, webauthn:extension:credBlob: true, webauthn:extension:largeBlob: true, webauthn:virtualAuthenticators: true}&#10;Session ID: d32cb192c3c759f5d3d93b721ecbda6d" type="org.openqa.selenium.NoSuchElementException"><![CDATA[Given user enter search "APPLE_CAM" and get search result...................passed
When user click on the product in search result.............................passed
Then user find each result contains the search word by sku "APPLE_CAM"......failed

StackTrace:
org.openqa.selenium.NoSuchElementException: no such element: Unable to locate element: {"method":"css selector","selector":".sku"}
  (Session info: chrome=105.0.5195.102)
For documentation on this error, please visit: https://selenium.dev/exceptions/#no_such_element
Build info: version: '4.3.0', revision: 'a4995e2c09*'
System info: host: 'MOMEN-SOHRA', ip: '10.10.60.28', os.name: 'Windows 10', os.arch: 'amd64', os.version: '10.0', java.version: '1.8.0_342'
Driver info: org.openqa.selenium.chrome.ChromeDriver
Command: [d32cb192c3c759f5d3d93b721ecbda6d, findElement {using=class name, value=sku}]
Capabilities {acceptInsecureCerts: false, browserName: chrome, browserVersion: 105.0.5195.102, chrome: {chromedriverVersion: 105.0.5195.52 (412c95e51883..., userDataDir: C:\Users\msohra\AppData\Loc...}, goog:chromeOptions: {debuggerAddress: localhost:64420}, networkConnectionEnabled: false, pageLoadStrategy: normal, platformName: WINDOWS, proxy: Proxy(), se:cdp: ws://localhost:64420/devtoo..., se:cdpVersion: 105.0.5195.102, setWindowRect: true, strictFileInteractability: false, timeouts: {implicit: 0, pageLoad: 300000, script: 30000}, unhandledPromptBehavior: dismiss and notify, webauthn:extension:credBlob: true, webauthn:extension:largeBlob: true, webauthn:virtualAuthenticators: true}
Session ID: d32cb192c3c759f5d3d93b721ecbda6d
	at sun.reflect.NativeConstructorAccessorImpl.newInstance0(Native Method)
	at sun.reflect.NativeConstructorAccessorImpl.newInstance(NativeConstructorAccessorImpl.java:62)
	at sun.reflect.DelegatingConstructorAccessorImpl.newInstance(DelegatingConstructorAccessorImpl.java:45)
	at java.lang.reflect.Constructor.newInstance(Constructor.java:423)
	at org.openqa.selenium.remote.codec.w3c.W3CHttpResponseCodec.createException(W3CHttpResponseCodec.java:200)
	at org.openqa.selenium.remote.codec.w3c.W3CHttpResponseCodec.decode(W3CHttpResponseCodec.java:133)
	at org.openqa.selenium.remote.codec.w3c.W3CHttpResponseCodec.decode(W3CHttpResponseCodec.java:53)
	at org.openqa.selenium.remote.HttpCommandExecutor.execute(HttpCommandExecutor.java:184)
	at org.openqa.selenium.remote.service.DriverCommandExecutor.invokeExecute(DriverCommandExecutor.java:167)
	at org.openqa.selenium.remote.service.DriverCommandExecutor.execute(DriverCommandExecutor.java:142)
	at org.openqa.selenium.remote.RemoteWebDriver.execute(RemoteWebDriver.java:569)
	at org.openqa.selenium.remote.ElementLocation$ElementFinder$2.findElement(ElementLocation.java:162)
	at org.openqa.selenium.remote.ElementLocation.findElement(ElementLocation.java:60)
	at org.openqa.selenium.remote.RemoteWebDriver.findElement(RemoteWebDriver.java:387)
	at org.openqa.selenium.remote.RemoteWebDriver.findElement(RemoteWebDriver.java:379)
	at org.example.pages.P03_homePage.assertSerialProduct(P03_homePage.java:44)
	at org.example.stepDefs.D04_searchStepDef.userFindEachResultContainsTheSearchWordBySku(D04_searchStepDef.java:50)
	at ✽.user find each result contains the search word by sku "APPLE_CAM"(file:///C:/Users/msohra/Desktop/hello/Ecommerce/src/main/resources/Features/F04_Search.feature:17)
]]></failure>
</testcase>
<testcase classname="F04_Search | users could use search functionality to get product successfully" name="user could search using product name using sku 3" time="11.268">
<system-out><![CDATA[Given user enter search "SF_PRO_11" and get search result...................passed
When user click on the product in search result.............................passed
Then user find each result contains the search word by sku "SF_PRO_11"......passed
]]></system-out>
</testcase>
<testcase classname="F04_Search | users could use search functionality to get product successfully" name="user could search using product name using sku 4" time="15.17">
<system-out><![CDATA[Given user enter search "AP_MBP_13" and get search result...................passed
When user click on the product in search result.............................passed
Then user find each result contains the search word by sku "AP_MBP_13"......passed
]]></system-out>
</testcase>
<testcase classname="F05_HoverCategories | users could over Categories and select one of sub options successfully" name="user  hover on one of main categories then click on sub category" time="8.035">
<failure message="element not interactable: [object HTMLLIElement] has no size and location&#10;  (Session info: chrome=105.0.5195.102)&#10;Build info: version: '4.3.0', revision: 'a4995e2c09*'&#10;System info: host: 'MOMEN-SOHRA', ip: '10.10.60.28', os.name: 'Windows 10', os.arch: 'amd64', os.version: '10.0', java.version: '1.8.0_342'&#10;Driver info: org.openqa.selenium.chrome.ChromeDriver&#10;Command: [fb81ff69160ee54105c663b339513593, actions {actions=[org.openqa.selenium.interactions.Sequence@210c1b9d]}]&#10;Capabilities {acceptInsecureCerts: false, browserName: chrome, browserVersion: 105.0.5195.102, chrome: {chromedriverVersion: 105.0.5195.52 (412c95e51883..., userDataDir: C:\Users\msohra\AppData\Loc...}, goog:chromeOptions: {debuggerAddress: localhost:64483}, networkConnectionEnabled: false, pageLoadStrategy: normal, platformName: WINDOWS, proxy: Proxy(), se:cdp: ws://localhost:64483/devtoo..., se:cdpVersion: 105.0.5195.102, setWindowRect: true, strictFileInteractability: false, timeouts: {implicit: 0, pageLoad: 300000, script: 30000}, unhandledPromptBehavior: dismiss and notify, webauthn:extension:credBlob: true, webauthn:extension:largeBlob: true, webauthn:virtualAuthenticators: true}&#10;Session ID: fb81ff69160ee54105c663b339513593" type="org.openqa.selenium.ElementNotInteractableException"><![CDATA[Given user hover on one of the main categories..............................passed
When user can view sub category if exist....................................passed
Then user can select sub category or open main category.....................failed

StackTrace:
org.openqa.selenium.ElementNotInteractableException: element not interactable: [object HTMLLIElement] has no size and location
  (Session info: chrome=105.0.5195.102)
Build info: version: '4.3.0', revision: 'a4995e2c09*'
System info: host: 'MOMEN-SOHRA', ip: '10.10.60.28', os.name: 'Windows 10', os.arch: 'amd64', os.version: '10.0', java.version: '1.8.0_342'
Driver info: org.openqa.selenium.chrome.ChromeDriver
Command: [fb81ff69160ee54105c663b339513593, actions {actions=[org.openqa.selenium.interactions.Sequence@210c1b9d]}]
Capabilities {acceptInsecureCerts: false, browserName: chrome, browserVersion: 105.0.5195.102, chrome: {chromedriverVersion: 105.0.5195.52 (412c95e51883..., userDataDir: C:\Users\msohra\AppData\Loc...}, goog:chromeOptions: {debuggerAddress: localhost:64483}, networkConnectionEnabled: false, pageLoadStrategy: normal, platformName: WINDOWS, proxy: Proxy(), se:cdp: ws://localhost:64483/devtoo..., se:cdpVersion: 105.0.5195.102, setWindowRect: true, strictFileInteractability: false, timeouts: {implicit: 0, pageLoad: 300000, script: 30000}, unhandledPromptBehavior: dismiss and notify, webauthn:extension:credBlob: true, webauthn:extension:largeBlob: true, webauthn:virtualAuthenticators: true}
Session ID: fb81ff69160ee54105c663b339513593
	at sun.reflect.NativeConstructorAccessorImpl.newInstance0(Native Method)
	at sun.reflect.NativeConstructorAccessorImpl.newInstance(NativeConstructorAccessorImpl.java:62)
	at sun.reflect.DelegatingConstructorAccessorImpl.newInstance(DelegatingConstructorAccessorImpl.java:45)
	at java.lang.reflect.Constructor.newInstance(Constructor.java:423)
	at org.openqa.selenium.remote.codec.w3c.W3CHttpResponseCodec.createException(W3CHttpResponseCodec.java:200)
	at org.openqa.selenium.remote.codec.w3c.W3CHttpResponseCodec.decode(W3CHttpResponseCodec.java:133)
	at org.openqa.selenium.remote.codec.w3c.W3CHttpResponseCodec.decode(W3CHttpResponseCodec.java:53)
	at org.openqa.selenium.remote.HttpCommandExecutor.execute(HttpCommandExecutor.java:184)
	at org.openqa.selenium.remote.service.DriverCommandExecutor.invokeExecute(DriverCommandExecutor.java:167)
	at org.openqa.selenium.remote.service.DriverCommandExecutor.execute(DriverCommandExecutor.java:142)
	at org.openqa.selenium.remote.RemoteWebDriver.execute(RemoteWebDriver.java:569)
	at org.openqa.selenium.remote.RemoteWebDriver.perform(RemoteWebDriver.java:637)
	at org.openqa.selenium.interactions.Actions$BuiltAction.perform(Actions.java:567)
	at org.openqa.selenium.interactions.Actions.perform(Actions.java:536)
	at org.example.stepDefs.D05_hoverCategoriesStepDef.userSlectSubOrMaincategory(D05_hoverCategoriesStepDef.java:57)
	at ✽.user can select sub category or open main category(file:///C:/Users/msohra/Desktop/hello/Ecommerce/src/main/resources/Features/F05_hoverCategories.feature:7)
]]></failure>
</testcase>
<testcase classname="F07_followUs | users could open followUs links" name="user opens facebook link" time="25.281">
<system-out><![CDATA[Given user opens "facebook" link............................................passed
When user can display new tab...............................................passed
And user can switch between two tabs........................................passed
Then "https://www.facebook.com/nopCommerce" is opened in new tab............passed
]]></system-out>
</testcase>
<testcase classname="F07_followUs | users could open followUs links" name="user opens twitter link" time="18.223">
<system-out><![CDATA[Given user opens "twitter" link.............................................passed
When user can display new tab...............................................passed
And user can switch between two tabs........................................passed
Then "https://twitter.com/nopCommerce" is opened in new tab.................passed
]]></system-out>
</testcase>
<testcase classname="F07_followUs | users could open followUs links" name="user opens rss link" time="11.547">
<failure message="expected [https://demo.nopcommerce.com/new-online-store-is-open] but found [https://demo.nopcommerce.com/news/rss/1]" type="java.lang.AssertionError"><![CDATA[Given user opens "rss" link.................................................passed
Then "https://demo.nopcommerce.com/new-online-store-is-open" is opened in new tab.failed

StackTrace:
java.lang.AssertionError: expected [https://demo.nopcommerce.com/new-online-store-is-open] but found [https://demo.nopcommerce.com/news/rss/1]
	at org.testng.Assert.fail(Assert.java:110)
	at org.testng.Assert.failNotEquals(Assert.java:1413)
	at org.testng.Assert.assertEqualsImpl(Assert.java:149)
	at org.testng.Assert.assertEquals(Assert.java:131)
	at org.testng.Assert.assertEquals(Assert.java:655)
	at org.testng.Assert.assertEquals(Assert.java:665)
	at org.example.stepDefs.D07_followUsStepDef.asserURL(D07_followUsStepDef.java:61)
	at ✽."https://demo.nopcommerce.com/new-online-store-is-open" is opened in new tab(file:///C:/Users/msohra/Desktop/hello/Ecommerce/src/main/resources/Features/F07_followUs.feature:19)
]]></failure>
</testcase>
<testcase classname="F07_followUs | users could open followUs links" name="user opens youtube link" time="24.652">
<system-out><![CDATA[Given user opens "youtube" link.............................................passed
When user can display new tab...............................................passed
And user can switch between two tabs........................................passed
Then "https://www.youtube.com/user/nopCommerce" is opened in new tab........passed
]]></system-out>
</testcase>
</testsuite>
